Traceback (most recent call last):
  File "/Users/diysumit/mambaforge/envs/ros_env/lib/python3.11/site-packages/colcon_core/executor/__init__.py", line 91, in __call__
    rc = await self.task(*args, **kwargs)
         ^^^^^^^^^^^^^^^^^^^^^^^^^^^^^^^^
  File "/Users/diysumit/mambaforge/envs/ros_env/lib/python3.11/site-packages/colcon_core/task/__init__.py", line 93, in __call__
    return await task_method(*args, **kwargs)
           ^^^^^^^^^^^^^^^^^^^^^^^^^^^^^^^^^^
  File "/Users/diysumit/mambaforge/envs/ros_env/lib/python3.11/site-packages/colcon_ros/task/ament_python/build.py", line 102, in build
    return await extension.build(additional_hooks=additional_hooks)
           ^^^^^^^^^^^^^^^^^^^^^^^^^^^^^^^^^^^^^^^^^^^^^^^^^^^^^^^^
  File "/Users/diysumit/mambaforge/envs/ros_env/lib/python3.11/site-packages/colcon_core/task/python/build.py", line 90, in build
    available_commands = await self._get_available_commands(
                         ^^^^^^^^^^^^^^^^^^^^^^^^^^^^^^^^^^^
  File "/Users/diysumit/mambaforge/envs/ros_env/lib/python3.11/site-packages/colcon_core/task/python/build.py", line 188, in _get_available_commands
    output = await check_output(
             ^^^^^^^^^^^^^^^^^^^
  File "/Users/diysumit/mambaforge/envs/ros_env/lib/python3.11/site-packages/colcon_core/subprocess.py", line 129, in check_output
    assert not rc, f'Expected {args} to pass: {stderr_data}'
           ^^^^^^
AssertionError: Expected ['/Library/Frameworks/Python.framework/Versions/3.12/bin/python3', '-W', 'ignore:setup.py install is deprecated', 'setup.py', '--help-commands'] to pass: Traceback (most recent call last):
  File "/Users/diysumit/ROS_Projects/src/basics/setup.py", line 7, in <module>
    setup(
  File "/Users/diysumit/mambaforge/envs/ros_env/lib/python3.11/site-packages/setuptools/__init__.py", line 103, in setup
    return distutils.core.setup(**attrs)
           ^^^^^^^^^^^^^^^^^^^^^^^^^^^^^
  File "/Users/diysumit/mambaforge/envs/ros_env/lib/python3.11/site-packages/setuptools/_distutils/core.py", line 172, in setup
    ok = dist.parse_command_line()
         ^^^^^^^^^^^^^^^^^^^^^^^^^
  File "/Users/diysumit/mambaforge/envs/ros_env/lib/python3.11/site-packages/setuptools/_distutils/dist.py", line 472, in parse_command_line
    if self.handle_display_options(option_order):
       ^^^^^^^^^^^^^^^^^^^^^^^^^^^^^^^^^^^^^^^^^
  File "/Users/diysumit/mambaforge/envs/ros_env/lib/python3.11/site-packages/setuptools/dist.py", line 965, in handle_display_options
    return _Distribution.handle_display_options(self, option_order)
           ^^^^^^^^^^^^^^^^^^^^^^^^^^^^^^^^^^^^^^^^^^^^^^^^^^^^^^^^
  File "/Users/diysumit/mambaforge/envs/ros_env/lib/python3.11/site-packages/setuptools/_distutils/dist.py", line 686, in handle_display_options
    self.print_commands()
  File "/Users/diysumit/mambaforge/envs/ros_env/lib/python3.11/site-packages/setuptools/dist.py", line 744, in print_commands
    cmdclass = ep.load()
               ^^^^^^^^^
  File "/Library/Frameworks/Python.framework/Versions/3.12/lib/python3.12/importlib/metadata/__init__.py", line 205, in load
    module = import_module(match.group('module'))
             ^^^^^^^^^^^^^^^^^^^^^^^^^^^^^^^^^^^^
  File "/Library/Frameworks/Python.framework/Versions/3.12/lib/python3.12/importlib/__init__.py", line 90, in import_module
    return _bootstrap._gcd_import(name[level:], package, level)
           ^^^^^^^^^^^^^^^^^^^^^^^^^^^^^^^^^^^^^^^^^^^^^^^^^^^^
  File "<frozen importlib._bootstrap>", line 1387, in _gcd_import
  File "<frozen importlib._bootstrap>", line 1360, in _find_and_load
  File "<frozen importlib._bootstrap>", line 1310, in _find_and_load_unlocked
  File "<frozen importlib._bootstrap>", line 488, in _call_with_frames_removed
  File "<frozen importlib._bootstrap>", line 1387, in _gcd_import
  File "<frozen importlib._bootstrap>", line 1360, in _find_and_load
  File "<frozen importlib._bootstrap>", line 1331, in _find_and_load_unlocked
  File "<frozen importlib._bootstrap>", line 935, in _load_unlocked
  File "<frozen importlib._bootstrap_external>", line 995, in exec_module
  File "<frozen importlib._bootstrap>", line 488, in _call_with_frames_removed
  File "/Library/Frameworks/Python.framework/Versions/3.12/lib/python3.12/site-packages/nose/__init__.py", line 1, in <module>
    from nose.core import collector, main, run, run_exit, runmodule
  File "/Library/Frameworks/Python.framework/Versions/3.12/lib/python3.12/site-packages/nose/core.py", line 12, in <module>
    from nose.loader import defaultTestLoader
  File "/Library/Frameworks/Python.framework/Versions/3.12/lib/python3.12/site-packages/nose/loader.py", line 21, in <module>
    from nose.importer import Importer, add_path, remove_path
  File "/Library/Frameworks/Python.framework/Versions/3.12/lib/python3.12/site-packages/nose/importer.py", line 12, in <module>
    from imp import find_module, load_module, acquire_lock, release_lock
ModuleNotFoundError: No module named 'imp'

