[0.000000] (-) TimerEvent: {}
[0.000121] (basics) JobQueued: {'identifier': 'basics', 'dependencies': OrderedDict()}
[0.000236] (basics) JobStarted: {'identifier': 'basics'}
[0.105027] (-) TimerEvent: {}
[0.210405] (-) TimerEvent: {}
[0.314177] (-) TimerEvent: {}
[0.416884] (-) TimerEvent: {}
[0.522556] (-) TimerEvent: {}
[0.628143] (-) TimerEvent: {}
[0.733338] (-) TimerEvent: {}
[0.838498] (-) TimerEvent: {}
[0.943590] (-) TimerEvent: {}
[1.048688] (-) TimerEvent: {}
[1.092025] (basics) StderrLine: {'line': b'Traceback (most recent call last):\n  File "/Users/diysumit/mambaforge/envs/ros_env/lib/python3.11/site-packages/colcon_core/executor/__init__.py", line 91, in __call__\n    rc = await self.task(*args, **kwargs)\n         ^^^^^^^^^^^^^^^^^^^^^^^^^^^^^^^^\n  File "/Users/diysumit/mambaforge/envs/ros_env/lib/python3.11/site-packages/colcon_core/task/__init__.py", line 93, in __call__\n    return await task_method(*args, **kwargs)\n           ^^^^^^^^^^^^^^^^^^^^^^^^^^^^^^^^^^\n  File "/Users/diysumit/mambaforge/envs/ros_env/lib/python3.11/site-packages/colcon_ros/task/ament_python/build.py", line 102, in build\n    return await extension.build(additional_hooks=additional_hooks)\n           ^^^^^^^^^^^^^^^^^^^^^^^^^^^^^^^^^^^^^^^^^^^^^^^^^^^^^^^^\n  File "/Users/diysumit/mambaforge/envs/ros_env/lib/python3.11/site-packages/colcon_core/task/python/build.py", line 90, in build\n    available_commands = await self._get_available_commands(\n                         ^^^^^^^^^^^^^^^^^^^^^^^^^^^^^^^^^^^\n  File "/Users/diysumit/mambaforge/envs/ros_env/lib/python3.11/site-packages/colcon_core/task/python/build.py", line 188, in _get_available_commands\n    output = await check_output(\n             ^^^^^^^^^^^^^^^^^^^\n  File "/Users/diysumit/mambaforge/envs/ros_env/lib/python3.11/site-packages/colcon_core/subprocess.py", line 129, in check_output\n    assert not rc, f\'Expected {args} to pass: {stderr_data}\'\n           ^^^^^^\nAssertionError: Expected [\'/Library/Frameworks/Python.framework/Versions/3.12/bin/python3\', \'-W\', \'ignore:setup.py install is deprecated\', \'setup.py\', \'--help-commands\'] to pass: Traceback (most recent call last):\n  File "/Users/diysumit/ROS_Projects/src/basics/setup.py", line 7, in <module>\n    setup(\n  File "/Users/diysumit/mambaforge/envs/ros_env/lib/python3.11/site-packages/setuptools/__init__.py", line 103, in setup\n    return distutils.core.setup(**attrs)\n           ^^^^^^^^^^^^^^^^^^^^^^^^^^^^^\n  File "/Users/diysumit/mambaforge/envs/ros_env/lib/python3.11/site-packages/setuptools/_distutils/core.py", line 172, in setup\n    ok = dist.parse_command_line()\n         ^^^^^^^^^^^^^^^^^^^^^^^^^\n  File "/Users/diysumit/mambaforge/envs/ros_env/lib/python3.11/site-packages/setuptools/_distutils/dist.py", line 472, in parse_command_line\n    if self.handle_display_options(option_order):\n       ^^^^^^^^^^^^^^^^^^^^^^^^^^^^^^^^^^^^^^^^^\n  File "/Users/diysumit/mambaforge/envs/ros_env/lib/python3.11/site-packages/setuptools/dist.py", line 965, in handle_display_options\n    return _Distribution.handle_display_options(self, option_order)\n           ^^^^^^^^^^^^^^^^^^^^^^^^^^^^^^^^^^^^^^^^^^^^^^^^^^^^^^^^\n  File "/Users/diysumit/mambaforge/envs/ros_env/lib/python3.11/site-packages/setuptools/_distutils/dist.py", line 686, in handle_display_options\n    self.print_commands()\n  File "/Users/diysumit/mambaforge/envs/ros_env/lib/python3.11/site-packages/setuptools/dist.py", line 744, in print_commands\n    cmdclass = ep.load()\n               ^^^^^^^^^\n  File "/Library/Frameworks/Python.framework/Versions/3.12/lib/python3.12/importlib/metadata/__init__.py", line 205, in load\n    module = import_module(match.group(\'module\'))\n             ^^^^^^^^^^^^^^^^^^^^^^^^^^^^^^^^^^^^\n  File "/Library/Frameworks/Python.framework/Versions/3.12/lib/python3.12/importlib/__init__.py", line 90, in import_module\n    return _bootstrap._gcd_import(name[level:], package, level)\n           ^^^^^^^^^^^^^^^^^^^^^^^^^^^^^^^^^^^^^^^^^^^^^^^^^^^^\n  File "<frozen importlib._bootstrap>", line 1387, in _gcd_import\n  File "<frozen importlib._bootstrap>", line 1360, in _find_and_load\n  File "<frozen importlib._bootstrap>", line 1310, in _find_and_load_unlocked\n  File "<frozen importlib._bootstrap>", line 488, in _call_with_frames_removed\n  File "<frozen importlib._bootstrap>", line 1387, in _gcd_import\n  File "<frozen importlib._bootstrap>", line 1360, in _find_and_load\n  File "<frozen importlib._bootstrap>", line 1331, in _find_and_load_unlocked\n  File "<frozen importlib._bootstrap>", line 935, in _load_unlocked\n  File "<frozen importlib._bootstrap_external>", line 995, in exec_module\n  File "<frozen importlib._bootstrap>", line 488, in _call_with_frames_removed\n  File "/Library/Frameworks/Python.framework/Versions/3.12/lib/python3.12/site-packages/nose/__init__.py", line 1, in <module>\n    from nose.core import collector, main, run, run_exit, runmodule\n  File "/Library/Frameworks/Python.framework/Versions/3.12/lib/python3.12/site-packages/nose/core.py", line 12, in <module>\n    from nose.loader import defaultTestLoader\n  File "/Library/Frameworks/Python.framework/Versions/3.12/lib/python3.12/site-packages/nose/loader.py", line 21, in <module>\n    from nose.importer import Importer, add_path, remove_path\n  File "/Library/Frameworks/Python.framework/Versions/3.12/lib/python3.12/site-packages/nose/importer.py", line 12, in <module>\n    from imp import find_module, load_module, acquire_lock, release_lock\nModuleNotFoundError: No module named \'imp\'\n\n'}
[1.092489] (basics) JobEnded: {'identifier': 'basics', 'rc': 1}
[1.105066] (-) EventReactorShutdown: {}
